<?xml version="1.0" encoding="UTF-8"?>
<!-- Generated by org.testng.reporters.JUnitReportReporter -->
<testsuite hostname="DESKTOP-DDMG9N7" failures="0" tests="2" name="testNGCrossBrowser.Flipkart" time="80.307" errors="0" timestamp="2025-02-21T11:06:07 IST" skipped="0">
  <testcase classname="testNGCrossBrowser.Flipkart" name="LaunchFlipkart" time="5.261"/>
  <testcase classname="testNGCrossBrowser.Flipkart" name="LaunchFlipkart" time="75.046"/>
</testsuite> <!-- testNGCrossBrowser.Flipkart -->
