<?xml version="1.0" encoding="UTF-8"?>
<!-- Generated by org.testng.reporters.JUnitReportReporter -->
<testsuite hostname="DESKTOP-DDMG9N7" failures="0" tests="1" name="UsingListeners.ListenersScenario" time="0.019" errors="0" timestamp="2025-02-26T09:08:32 IST" skipped="0">
  <testcase classname="UsingListeners.ListenersScenario" name="demon" time="0.019"/>
</testsuite> <!-- UsingListeners.ListenersScenario -->
