<?xml version="1.0" encoding="UTF-8"?>
<!-- Generated by org.testng.reporters.JUnitReportReporter -->
<testsuite hostname="DESKTOP-DDMG9N7" failures="0" tests="3" name="testNG.Using_DependendsOnMethods_Flag" time="0.005" errors="0" timestamp="2025-02-20T09:31:07 IST" skipped="0">
  <testcase classname="testNG.Using_DependendsOnMethods_Flag" name="Register" time="0.002">
    <system-out>
      <![CDATA[Register]]>
    </system-out>
  </testcase> <!-- Register -->
  <testcase classname="testNG.Using_DependendsOnMethods_Flag" name="Create" time="0.001">
    <system-out>
      <![CDATA[Create]]>
    </system-out>
  </testcase> <!-- Create -->
  <testcase classname="testNG.Using_DependendsOnMethods_Flag" name="login" time="0.002">
    <system-out>
      <![CDATA[Login]]>
    </system-out>
  </testcase> <!-- login -->
  <system-out>
    <![CDATA[orange
Start Eating
Test Ended
Test Started
Test Started
Test Started
Start Eating
Test Ended
Test Started
demo
demo
demo
Register
Login
Create]]>
  </system-out>
</testsuite> <!-- testNG.Using_DependendsOnMethods_Flag -->
