<?xml version="1.0" encoding="UTF-8"?>
<!-- Generated by org.testng.reporters.JUnitReportReporter -->
<testsuite hostname="DESKTOP-DDMG9N7" failures="0" tests="1" name="testNG.FbScenario" time="9.900" errors="0" timestamp="2025-02-26T22:25:14 IST" skipped="0">
  <testcase classname="testNG.FbScenario" name="LaunchFB" time="9.900">
    <system-out>
      <![CDATA[FaceBook]]>
    </system-out>
  </testcase> <!-- LaunchFB -->
  <system-out>
    <![CDATA[FaceBook]]>
  </system-out>
</testsuite> <!-- testNG.FbScenario -->
