<?xml version="1.0" encoding="UTF-8"?>
<!-- Generated by org.testng.reporters.JUnitReportReporter -->
<testsuite hostname="DESKTOP-DDMG9N7" failures="0" tests="2" name="DataProviders.Test_DataProviders" time="0.018" errors="0" timestamp="2025-02-24T10:32:37 IST" skipped="0">
  <testcase classname="DataProviders.Test_DataProviders" name="demo" time="0.003"/>
  <testcase classname="DataProviders.Test_DataProviders" name="demo" time="0.015"/>
</testsuite> <!-- DataProviders.Test_DataProviders -->
