<?xml version="1.0" encoding="UTF-8"?>
<!-- Generated by org.testng.reporters.JUnitReportReporter -->
<testsuite hostname="DESKTOP-DDMG9N7" failures="0" tests="1" name="testNG.ZomatoScenario" time="3.367" errors="0" timestamp="2025-02-20T10:38:34 IST" skipped="0">
  <testcase classname="testNG.ZomatoScenario" name="LaunchZomto" time="3.367"/>
</testsuite> <!-- testNG.ZomatoScenario -->
