<?xml version="1.0" encoding="UTF-8"?>
<!-- Generated by org.testng.reporters.JUnitReportReporter -->
<testsuite hostname="DESKTOP-DDMG9N7" failures="0" tests="2" name="testNG.Using_Enaled_Flag" time="0.020" errors="0" timestamp="2025-02-20T09:31:07 IST" skipped="1">
  <testcase classname="testNG.Using_Enaled_Flag" name="orange" time="0.020">
    <system-out>
      <![CDATA[orange]]>
    </system-out>
  </testcase> <!-- orange -->
  <testcase classname="testNG.Using_Enaled_Flag" name="cat">
    <skipped/>
  </testcase> <!-- cat -->
  <system-out>
    <![CDATA[orange
Start Eating
Test Ended
Test Started
Test Started
Test Started
Start Eating
Test Ended
Test Started
demo
demo
demo
Register
Login
Create]]>
  </system-out>
</testsuite> <!-- testNG.Using_Enaled_Flag -->
