<?xml version="1.0" encoding="UTF-8"?>
<!-- Generated by org.testng.reporters.JUnitReportReporter -->
<testsuite hostname="DESKTOP-DDMG9N7" failures="0" tests="1" name="Assertions.UsingHardAssert" time="3.972" errors="0" timestamp="2025-02-25T09:35:09 IST" skipped="0">
  <testcase classname="Assertions.UsingHardAssert" name="HardAssert" time="3.972"/>
</testsuite> <!-- Assertions.UsingHardAssert -->
