<?xml version="1.0" encoding="UTF-8"?>
<!-- Generated by org.testng.reporters.JUnitReportReporter -->
<testsuite hostname="DESKTOP-DDMG9N7" failures="0" tests="1" name="testNG.SwiggyScenario" time="7.469" errors="0" timestamp="2025-02-21T10:19:49 IST" skipped="0">
  <testcase classname="testNG.SwiggyScenario" name="LaunchSwiggy" time="7.469"/>
</testsuite> <!-- testNG.SwiggyScenario -->
