<?xml version="1.0" encoding="UTF-8"?>
<!-- Generated by org.testng.reporters.JUnitReportReporter -->
<testsuite hostname="DESKTOP-DDMG9N7" failures="0" tests="2" name="testNG.groupExecution" time="0.023" errors="0" timestamp="2025-02-20T09:55:04 IST" skipped="0">
  <testcase classname="testNG.groupExecution" name="manual" time="0.002">
    <system-out>
      <![CDATA[manual]]>
    </system-out>
  </testcase> <!-- manual -->
  <testcase classname="testNG.groupExecution" name="java" time="0.021">
    <system-out>
      <![CDATA[java]]>
    </system-out>
  </testcase> <!-- java -->
  <system-out>
    <![CDATA[java
manual]]>
  </system-out>
</testsuite> <!-- testNG.groupExecution -->
