<?xml version="1.0" encoding="UTF-8"?>
<!-- Generated by org.testng.reporters.JUnitReportReporter -->
<testsuite hostname="DESKTOP-DDMG9N7" failures="0" tests="3" name="testNG.Using_Priority_Flag" time="0.016" errors="0" timestamp="2025-02-20T09:31:07 IST" skipped="0">
  <testcase classname="testNG.Using_Priority_Flag" name="Mango" time="0.004">
    <system-out>
      <![CDATA[Start Eating]]>
    </system-out>
  </testcase> <!-- Mango -->
  <testcase classname="testNG.Using_Priority_Flag" name="Donkey" time="0.007">
    <system-out>
      <![CDATA[Test Ended]]>
    </system-out>
  </testcase> <!-- Donkey -->
  <testcase classname="testNG.Using_Priority_Flag" name="Apple" time="0.005">
    <system-out>
      <![CDATA[Test Started]]>
    </system-out>
  </testcase> <!-- Apple -->
  <system-out>
    <![CDATA[orange
Start Eating
Test Ended
Test Started
Test Started
Test Started
Start Eating
Test Ended
Test Started
demo
demo
demo
Register
Login
Create]]>
  </system-out>
</testsuite> <!-- testNG.Using_Priority_Flag -->
