<?xml version="1.0" encoding="UTF-8"?>
<!-- Generated by org.testng.reporters.JUnitReportReporter -->
<testsuite hostname="DESKTOP-DDMG9N7" failures="0" tests="2" name="testNGCrossBrowser.FaceBook" time="18.607" errors="0" timestamp="2025-02-21T11:06:07 IST" skipped="0">
  <testcase classname="testNGCrossBrowser.FaceBook" name="LaunchFB" time="9.640"/>
  <testcase classname="testNGCrossBrowser.FaceBook" name="LaunchFB" time="8.967"/>
</testsuite> <!-- testNGCrossBrowser.FaceBook -->
