<?xml version="1.0" encoding="UTF-8"?>
<!-- Generated by org.testng.reporters.JUnitReportReporter -->
<testsuite hostname="DESKTOP-DDMG9N7" failures="0" tests="1" name="Assertions.UsingSoftAssert" time="4.297" errors="0" timestamp="2025-02-25T09:54:44 IST" skipped="0">
  <testcase classname="Assertions.UsingSoftAssert" name="SoftAssert" time="4.297"/>
</testsuite> <!-- Assertions.UsingSoftAssert -->
