<?xml version="1.0" encoding="UTF-8"?>
<!-- Generated by org.testng.reporters.JUnitReportReporter -->
<testsuite hostname="DESKTOP-DDMG9N7" failures="0" tests="2" name="testNGCrossBrowser.Zomato" time="14.921" errors="0" timestamp="2025-02-21T11:06:07 IST" skipped="0">
  <testcase classname="testNGCrossBrowser.Zomato" name="LaunchZomato" time="5.558"/>
  <testcase classname="testNGCrossBrowser.Zomato" name="LaunchZomato" time="9.363"/>
</testsuite> <!-- testNGCrossBrowser.Zomato -->
