<?xml version="1.0" encoding="UTF-8"?>
<!-- Generated by org.testng.reporters.JUnitReportReporter -->
<testsuite hostname="DESKTOP-DDMG9N7" failures="0" tests="1" name="Annotations.TestScenario" time="0.023" errors="0" timestamp="2025-02-24T09:49:48 IST" skipped="0">
  <testcase classname="Annotations.TestScenario" name="Demo" time="0.023"/>
</testsuite> <!-- Annotations.TestScenario -->
