<?xml version="1.0" encoding="UTF-8"?>
<!-- Generated by org.testng.reporters.JUnitReportReporter -->
<testsuite hostname="DESKTOP-DDMG9N7" failures="0" tests="2" name="testNGCrossBrowser.Swiggy" time="16.340" errors="0" timestamp="2025-02-21T11:06:07 IST" skipped="0">
  <testcase classname="testNGCrossBrowser.Swiggy" name="LaunchSwiggy" time="11.401"/>
  <testcase classname="testNGCrossBrowser.Swiggy" name="LaunchSwiggy" time="4.939"/>
</testsuite> <!-- testNGCrossBrowser.Swiggy -->
