<?xml version="1.0" encoding="UTF-8"?>
<!-- Generated by org.testng.reporters.JUnitReportReporter -->
<testsuite hostname="DESKTOP-DDMG9N7" failures="0" tests="3" name="testNG.Using_ThreadPoolSize_Flag" time="0.010" errors="0" timestamp="2025-02-20T09:31:07 IST" skipped="0">
  <testcase classname="testNG.Using_ThreadPoolSize_Flag" name="demo" time="0.004">
    <system-out>
      <![CDATA[demo]]>
    </system-out>
  </testcase> <!-- demo -->
  <testcase classname="testNG.Using_ThreadPoolSize_Flag" name="demo" time="0.004">
    <system-out>
      <![CDATA[demo]]>
    </system-out>
  </testcase> <!-- demo -->
  <testcase classname="testNG.Using_ThreadPoolSize_Flag" name="demo" time="0.002">
    <system-out>
      <![CDATA[demo]]>
    </system-out>
  </testcase> <!-- demo -->
  <system-out>
    <![CDATA[orange
Start Eating
Test Ended
Test Started
Test Started
Test Started
Start Eating
Test Ended
Test Started
demo
demo
demo
Register
Login
Create]]>
  </system-out>
</testsuite> <!-- testNG.Using_ThreadPoolSize_Flag -->
